<?xml version="1.0" encoding="utf-8"?><testsuites name="pytest tests"><testsuite name="pytest" errors="0" failures="0" skipped="0" tests="5" time="1.262" timestamp="2026-06-08T03:57:00.337338+00:00" hostname="agent-env-932eec3a-2248-47d4-8116-f620bdf64f98"><testcase classname="backend.tests.test_studyloop.TestAvaliacoes" name="test_create_avaliacao_valid" time="0.637" /><testcase classname="backend.tests.test_studyloop.TestAvaliacoes" name="test_create_avaliacao_minimal" time="0.150" /><testcase classname="backend.tests.test_studyloop.TestAvaliacoes" name="test_create_avaliacao_invalid_low" time="0.146" /><testcase classname="backend.tests.test_studyloop.TestAvaliacoes" name="test_create_avaliacao_invalid_high" time="0.108" /><testcase classname="backend.tests.test_studyloop.TestAvaliacoes" name="test_create_avaliacao_requires_auth" time="0.134" /></testsuite></testsuites>