<?xml version="1.0" encoding="utf-8"?><testsuites name="pytest tests"><testsuite name="pytest" errors="0" failures="0" skipped="0" tests="7" time="4.321" timestamp="2026-06-08T04:06:09.225536+00:00" hostname="agent-env-932eec3a-2248-47d4-8116-f620bdf64f98"><testcase classname="backend.tests.test_nps.TestNps" name="test_fresh_user_show_false" time="0.631" /><testcase classname="backend.tests.test_nps.TestNps" name="test_no_auth_returns_401" time="0.350" /><testcase classname="backend.tests.test_nps.TestNps" name="test_aged_but_only_2_sessions_show_false" time="0.437" /><testcase classname="backend.tests.test_nps.TestNps" name="test_eligible_user_show_true" time="0.451" /><testcase classname="backend.tests.test_nps.TestNps" name="test_snooze_flow_two_attempts_max" time="1.038" /><testcase classname="backend.tests.test_nps.TestNps" name="test_submit_valid_and_hides_permanently" time="0.703" /><testcase classname="backend.tests.test_nps.TestNps" name="test_submit_invalid_nota" time="0.564" /></testsuite></testsuites>