<?xml version="1.0" encoding="utf-8"?><testsuites name="pytest tests"><testsuite name="pytest" errors="0" failures="0" skipped="0" tests="18" time="69.540" timestamp="2026-06-08T02:19:35.816844+00:00" hostname="agent-env-932eec3a-2248-47d4-8116-f620bdf64f98"><testcase classname="backend.tests.test_studyloop.TestAuth" name="test_login_success" time="0.784" /><testcase classname="backend.tests.test_studyloop.TestAuth" name="test_login_wrong_password" time="0.364" /><testcase classname="backend.tests.test_studyloop.TestAuth" name="test_me_returns_user_without_password" time="0.104" /><testcase classname="backend.tests.test_studyloop.TestAuth" name="test_me_requires_auth" time="0.715" /><testcase classname="backend.tests.test_studyloop.TestAuth" name="test_onboarding_persists" time="0.252" /><testcase classname="backend.tests.test_studyloop.TestMaterias" name="test_create_materia" time="0.187" /><testcase classname="backend.tests.test_studyloop.TestMaterias" name="test_list_materias" time="0.099" /><testcase classname="backend.tests.test_studyloop.TestMaterias" name="test_patch_materia" time="0.240" /><testcase classname="backend.tests.test_studyloop.TestContent" name="test_create_text_fonte_generates_ai" time="23.491" /><testcase classname="backend.tests.test_studyloop.TestContent" name="test_get_questoes" time="0.148" /><testcase classname="backend.tests.test_studyloop.TestContent" name="test_get_5min_questoes" time="0.165" /><testcase classname="backend.tests.test_studyloop.TestContent" name="test_flashcards_due" time="0.128" /><testcase classname="backend.tests.test_studyloop.TestContent" name="test_flashcard_review_updates_srs" time="0.106" /><testcase classname="backend.tests.test_studyloop.TestSessionsStats" name="test_save_sessao_updates_streak" time="0.119" /><testcase classname="backend.tests.test_studyloop.TestSessionsStats" name="test_stats" time="0.106" /><testcase classname="backend.tests.test_studyloop.TestSessionsStats" name="test_home" time="0.109" /><testcase classname="backend.tests.test_studyloop.TestLinkSource" name="test_link_source" time="42.065" /><testcase classname="backend.tests.test_studyloop.TestCleanup" name="test_delete_materia" time="0.276" /></testsuite></testsuites>